Initial guess:  [ 7.79611048e+00 -2.61567612e+00  0.00000000e+00  5.00000000e-01
  5.00000000e-01  3.00000000e+00 -5.00000000e-01  2.01792051e+03]
basinhopping  Minimizing...
New minima 0.03257427 accepted. Solution: A= 13.842, B=-6.896, Crash=11.86 days from 2017-12-02 23:39:07, m=0.15 ,c1=0.15 ,w=9.36 ,c2=0.14.
New minima 0.03680600 accepted. Solution: A= 14.136, B=-7.181, Crash=14.37 days from 2017-12-02 23:39:07, m=0.14 ,c1=0.17 ,w=9.83 ,c2=0.19.
New minima 0.03860487 accepted. Solution: A= 14.136, B=-7.178, Crash=14.91 days from 2017-12-02 23:39:07, m=0.14 ,c1=0.17 ,w=9.92 ,c2=0.21.
New minima 0.02995462 accepted. Solution: A= 14.894, B=-8.042, Crash=22.36 days from 2017-12-02 23:39:07, m=0.15 ,c1=-0.04 ,w=13.58 ,c2=-0.09.
New minima 0.03089767 accepted. Solution: A= 15.747, B=-8.887, Crash=22.85 days from 2017-12-02 23:39:07, m=0.13 ,c1=-0.05 ,w=13.75 ,c2=-0.08.
New minima 0.03167906 accepted. Solution: A= 16.479, B=-9.611, Crash=22.49 days from 2017-12-02 23:39:07, m=0.12 ,c1=-0.03 ,w=13.50 ,c2=-0.08.
New minima 0.05027568 not accepted. Solution: A= 16.803, B=-9.946, Crash=14.82 days from 2017-12-02 23:39:07, m=0.11 ,c1=0.01 ,w=12.31 ,c2=-0.30.
New minima 0.03313198 accepted. Solution: A= 16.304, B=-9.410, Crash=16.26 days from 2017-12-02 23:39:07, m=0.11 ,c1=0.09 ,w=11.76 ,c2=-0.09.
New minima 0.03325112 accepted. Solution: A= 16.517, B=-9.625, Crash=16.63 days from 2017-12-02 23:39:07, m=0.11 ,c1=0.08 ,w=11.86 ,c2=-0.10.
New minima 0.03311747 accepted. Solution: A= 15.797, B=-8.888, Crash=14.03 days from 2017-12-02 23:39:07, m=0.12 ,c1=0.13 ,w=11.12 ,c2=-0.06.
New minima 0.07046102 accepted. Solution: A= 15.938, B=-9.036, Crash=7.72 days from 2017-12-02 23:39:07, m=0.11 ,c1=0.15 ,w=10.44 ,c2=-0.33.
New minima 0.03351597 accepted. Solution: A= 15.420, B=-8.489, Crash=11.62 days from 2017-12-02 23:39:07, m=0.12 ,c1=0.17 ,w=10.37 ,c2=-0.01.
New minima 0.03487510 accepted. Solution: A= 16.424, B=-9.459, Crash=12.30 days from 2017-12-02 23:39:07, m=0.10 ,c1=0.15 ,w=9.39 ,c2=0.13.
New minima 0.04591498 not accepted. Solution: A= 15.472, B=-8.478, Crash=3.96 days from 2017-12-02 23:39:07, m=0.10 ,c1=0.09 ,w=7.84 ,c2=0.11.
New minima 0.03393319 accepted. Solution: A= 15.055, B=-8.112, Crash=10.28 days from 2017-12-02 23:39:07, m=0.12 ,c1=0.17 ,w=9.90 ,c2=0.03.
New minima 0.03376151 accepted. Solution: A= 15.010, B=-8.053, Crash=11.92 days from 2017-12-02 23:39:07, m=0.12 ,c1=0.15 ,w=9.34 ,c2=0.13.
New minima 0.06494098 not accepted. Solution: A= 15.149, B=-8.167, Crash=19.15 days from 2017-12-02 23:39:07, m=0.13 ,c1=0.17 ,w=10.70 ,c2=0.31.
New minima 0.02554414 accepted. Solution: A= 12.469, B=-5.662, Crash=21.57 days from 2017-12-02 23:39:07, m=0.23 ,c1=-0.05 ,w=13.53 ,c2=-0.11.
New minima 0.03045917 accepted. Solution: A= 14.159, B=-7.308, Crash=23.64 days from 2017-12-02 23:39:07, m=0.17 ,c1=-0.09 ,w=15.09 ,c2=-0.01.
New minima 0.03075825 accepted. Solution: A= 14.526, B=-7.658, Crash=27.23 days from 2017-12-02 23:39:07, m=0.16 ,c1=-0.05 ,w=18.13 ,c2=0.04.
x0: [ 7.796, -2.616, 0.000, 0.500, 0.500, 3.000, -0.500, 2017.921 ]
Solution: A= 12.469, B=-5.662, Crash=21.57 days/2017-12-24 13:23:54, m=0.23 ,c1=-0.05 ,w=13.53 ,c2=-0.11. Cost=0.02554
ConA:  -1.566165099831096e-06
ConB:  2.954449571213047e-06
ConC1:  1.4124770788478958e-06
ConC2:  5.755032494780821e-06
Initial guess:  [ 7.79948312e+00 -2.60264769e+00  0.00000000e+00  5.00000000e-01
  5.00000000e-01  3.00000000e+00 -5.00000000e-01  2.01792051e+03]
basinhopping  Minimizing...
New minima 0.03264227 accepted. Solution: A= 15.909, B=-8.955, Crash=15.15 days from 2017-12-02 23:39:07, m=0.11 ,c1=0.16 ,w=9.94 ,c2=0.12.
New minima 0.03371417 accepted. Solution: A= 15.455, B=-8.502, Crash=11.92 days from 2017-12-02 23:39:07, m=0.11 ,c1=0.17 ,w=9.91 ,c2=0.07.
New minima 0.03420041 accepted. Solution: A= 15.975, B=-9.018, Crash=11.30 days from 2017-12-02 23:39:07, m=0.11 ,c1=0.17 ,w=9.75 ,c2=0.06.
New minima 0.03231652 accepted. Solution: A= 16.489, B=-9.534, Crash=14.12 days from 2017-12-02 23:39:07, m=0.10 ,c1=0.16 ,w=9.73 ,c2=0.09.
New minima 0.00981964 accepted. Solution: A= 9.235, B=-2.749, Crash=12.28 days from 2017-12-02 23:39:07, m=0.84 ,c1=0.18 ,w=10.61 ,c2=-0.18.
New minima 0.01612102 accepted. Solution: A= 9.748, B=-3.032, Crash=7.31 days from 2017-12-02 23:39:07, m=0.52 ,c1=0.18 ,w=8.82 ,c2=0.04.
New minima 0.01731645 accepted. Solution: A= 9.377, B=-2.740, Crash=0.43 days from 2017-12-02 23:39:07, m=0.63 ,c1=0.13 ,w=7.49 ,c2=0.08.
New minima 0.01609621 accepted. Solution: A= 9.151, B=-2.631, Crash=0.12 days from 2017-12-02 23:39:07, m=0.78 ,c1=0.15 ,w=7.59 ,c2=0.03.
New minima 0.01274772 accepted. Solution: A= 9.226, B=-2.692, Crash=7.69 days from 2017-12-02 23:39:07, m=0.79 ,c1=0.21 ,w=9.18 ,c2=-0.04.
New minima 0.01212540 accepted. Solution: A= 9.713, B=-3.049, Crash=12.34 days from 2017-12-02 23:39:07, m=0.57 ,c1=0.19 ,w=10.46 ,c2=-0.08.
New minima 0.01378859 accepted. Solution: A= 9.313, B=-2.726, Crash=6.34 days from 2017-12-02 23:39:07, m=0.72 ,c1=0.20 ,w=8.75 ,c2=0.01.
New minima 0.01695283 accepted. Solution: A= 9.617, B=-2.916, Crash=4.93 days from 2017-12-02 23:39:07, m=0.55 ,c1=0.16 ,w=8.24 ,c2=0.08.
New minima 0.01797592 accepted. Solution: A= 9.422, B=-2.761, Crash=0.15 days from 2017-12-02 23:39:07, m=0.60 ,c1=0.13 ,w=7.41 ,c2=0.09.
New minima 0.01610644 accepted. Solution: A= 9.151, B=-2.631, Crash=0.07 days from 2017-12-02 23:39:07, m=0.78 ,c1=0.15 ,w=7.58 ,c2=0.04.
New minima 0.01748152 accepted. Solution: A= 9.544, B=-2.858, Crash=3.18 days from 2017-12-02 23:39:07, m=0.56 ,c1=0.14 ,w=7.90 ,c2=0.08.
New minima 0.01356340 accepted. Solution: A= 9.235, B=-2.682, Crash=6.46 days from 2017-12-02 23:39:07, m=0.77 ,c1=0.20 ,w=8.82 ,c2=-0.00.
New minima 0.01319157 accepted. Solution: A= 9.958, B=-3.282, Crash=14.90 days from 2017-12-02 23:39:07, m=0.51 ,c1=0.13 ,w=11.31 ,c2=-0.14.
New minima 0.01219572 accepted. Solution: A= 9.632, B=-2.975, Crash=11.00 days from 2017-12-02 23:39:07, m=0.59 ,c1=0.21 ,w=10.04 ,c2=-0.06.
New minima 0.01540737 accepted. Solution: A= 10.171, B=-3.435, Crash=12.63 days from 2017-12-02 23:39:07, m=0.44 ,c1=0.19 ,w=10.56 ,c2=-0.08.
New minima 0.01076992 accepted. Solution: A= 9.245, B=-2.730, Crash=10.61 days from 2017-12-02 23:39:07, m=0.81 ,c1=0.21 ,w=10.06 ,c2=-0.12.
x0: [ 7.799, -2.603, 0.000, 0.500, 0.500, 3.000, -0.500, 2017.921 ]
Solution: A= 9.235, B=-2.749, Crash=12.28 days/2017-12-15 06:29:21, m=0.84 ,c1=0.18 ,w=10.61 ,c2=-0.18. Cost=0.00982
ConA:  -2.278690427459651e-07
ConB:  2.3037384444535292e-07
ConC1:  -1.3986026594081657e-06
ConC2:  -2.4442634364851834e-06
